<?xml version="1.0" encoding="UTF-8"?>
<testng-results ignored="0" total="3" passed="3" failed="0" skipped="0">
  <reporter-output>
  </reporter-output>
  <suite started-at="2020-09-21T01:44:45Z" name="Costco Test Groups" finished-at="2020-09-21T01:45:14Z" duration-ms="29503">
    <groups>
    </groups>
    <test started-at="2020-09-21T01:44:45Z" name="grouping" finished-at="2020-09-21T01:45:14Z" duration-ms="29503">
      <class name="com.costco.qa.tests.HomePageTest">
        <test-method is-config="true" signature="setUp()[pri:0, instance:com.costco.qa.tests.HomePageTest@5db6b9cd]" started-at="2020-09-21T01:44:45Z" name="setUp" finished-at="2020-09-21T01:45:13Z" duration-ms="28000" status="PASS">
          <reporter-output>
          </reporter-output>
        </test-method> <!-- setUp -->
        <test-method signature="testSearchField()[pri:0, instance:com.costco.qa.tests.HomePageTest@5db6b9cd]" started-at="2020-09-21T01:45:13Z" name="testSearchField" finished-at="2020-09-21T01:45:13Z" duration-ms="456" status="PASS">
          <reporter-output>
          </reporter-output>
        </test-method> <!-- testSearchField -->
        <test-method signature="verifyHomePageAppLogo()[pri:0, instance:com.costco.qa.tests.HomePageTest@5db6b9cd]" started-at="2020-09-21T01:45:13Z" name="verifyHomePageAppLogo" finished-at="2020-09-21T01:45:13Z" duration-ms="88" status="PASS">
          <reporter-output>
          </reporter-output>
        </test-method> <!-- verifyHomePageAppLogo -->
        <test-method signature="verifyHomePageTitleTest()[pri:0, instance:com.costco.qa.tests.HomePageTest@5db6b9cd]" started-at="2020-09-21T01:45:13Z" name="verifyHomePageTitleTest" finished-at="2020-09-21T01:45:13Z" duration-ms="20" status="PASS">
          <reporter-output>
          </reporter-output>
        </test-method> <!-- verifyHomePageTitleTest -->
        <test-method is-config="true" signature="quitBrowser()[pri:0, instance:com.costco.qa.tests.HomePageTest@5db6b9cd]" started-at="2020-09-21T01:45:13Z" name="quitBrowser" finished-at="2020-09-21T01:45:14Z" duration-ms="771" status="PASS">
          <reporter-output>
          </reporter-output>
        </test-method> <!-- quitBrowser -->
      </class> <!-- com.costco.qa.tests.HomePageTest -->
    </test> <!-- grouping -->
  </suite> <!-- Costco Test Groups -->
</testng-results>
