<?xml version="1.0" encoding="UTF-8"?>
<!-- Generated by org.testng.reporters.JUnitXMLReporter -->
<testsuite ignored="0" hostname="ShAmIm" failures="0" tests="3" name="grouping" time="29.503" errors="0" timestamp="21 Sep 2020 01:45:14 GMT">
  <testcase classname="com.costco.qa.tests.HomePageTest" name="testSearchField" time="0.456"/>
  <testcase classname="com.costco.qa.tests.HomePageTest" name="verifyHomePageAppLogo" time="0.088"/>
  <testcase classname="com.costco.qa.tests.HomePageTest" name="verifyHomePageTitleTest" time="0.02"/>
</testsuite> <!-- grouping -->
